app/proguard-rules.pro
# Add project specific ProGuard rules here.
# By default, the flags in this file are appended to flags specified
# in sdk/tools/proguard/proguard-android.txt
# You can edit the include path and order by changing the proguardFiles
# directive in build.gradle.
#
# For more details, see
#   http://developer.android.com/guide/developing/tools/proguard.html

# Add any project specific keep options here:

# If your project uses WebView with JS, uncomment the following
# and specify the fully qualified class name to the JavaScript interface
# class:
#-keepclassmembers class fqcn.of.javascript.interface.for.webview {
#   public *;
#}

# 将.class信息中的类名重新定义为"Proguard"字符串
-renamesourcefileattribute Proguard
# 并保留源文件名为"Proguard"字符串，而非原始的类名 并保留行号 // blog from sodino.com
-keepattributes SourceFile,LineNumberTable

# Guava
# https://github.com/google/guava/wiki/UsingProGuardWithGuava
-dontwarn sun.misc.Unsafe
-dontwarn com.google.common.collect.MinMaxPriorityQueue
-dontwarn android.databinding.tool.util.**
-dontwarn java.lang.ClassValue

# Dagger
-dontwarn dagger.**

# Jackson Model
-keep public class me.ykrank.s1next.data.api.model.** { *; }
-keep public class me.ykrank.s1next.data.cache.** { *; }
-keep public class me.ykrank.s1next.data.db.dbmodel.ReadProgress { *; }
# GreenDao model
-keep public class me.ykrank.s1next.data.db.dbmodel.**

-dontwarn java.nio.file.Paths
-dontwarn java.beans.Transient
-dontwarn java.beans.ConstructorProperties
-dontwarn com.fasterxml.jackson.databind.ext.DOMSerializer
-keepnames class com.fasterxml.jackson.** { *; }

# Okio
# https://github.com/square/okio/issues/144
-dontwarn java.nio.file.Files
-dontwarn java.nio.file.Path
-dontwarn java.nio.file.OpenOption
-dontwarn org.codehaus.mojo.animal_sniffer.IgnoreJRERequirement

# OkHttp 3
-dontwarn okhttp3.internal.huc.HttpsURLConnectionImpl

# Glide
# https://github.com/bumptech/glide#user-content-proguard
-keep public class * implements com.bumptech.glide.module.GlideModule
-keep public enum com.bumptech.glide.load.resource.bitmap.ImageHeaderParser$** {
    **[] $VALUES;
    public *;
}

# Gradle Retrolambda Plugin
# https://github.com/evant/gradle-retrolambda#user-content-proguard
-dontwarn java.lang.invoke.*

# Retrofit
# Platform calls Class.forName on types which do not exist on Android to determine platform.
-dontnote retrofit2.Platform
# Platform used when running on RoboVM on iOS. Will not be used at runtime.
-dontnote retrofit2.Platform$IOS$MainThreadExecutor
# Platform used when running on Java 8 VMs. Will not be used at runtime.
-dontwarn retrofit2.Platform$Java8
# Retain generic type information for use by reflection by converters and adapters.
-keepattributes Signature
# Retain declared checked exceptions for use by a Proxy instance.
-keepattributes Exceptions
-keepclassmembernames class * {
    @retrofit2.http.* <methods>;
}

#RxCache
-dontwarn io.rx_cache.internal.**
-keepclassmembers enum io.rx_cache.Source { *; }
-keepclassmembernames class * {
    @io.rx_cache2.* <methods>;
}

# RxJava
-keepclassmembers class rx.internal.util.unsafe.*ArrayQueue*Field* {
   long producerIndex;
   long consumerIndex;
}
-keepclassmembers class rx.internal.util.unsafe.BaseLinkedQueueProducerNodeRef {
    rx.internal.util.atomic.LinkedQueueNode producerNode;
}
-keepclassmembers class rx.internal.util.unsafe.BaseLinkedQueueConsumerNodeRef {
    rx.internal.util.atomic.LinkedQueueNode consumerNode;
}

# GreenDao
-keepattributes *Annotation*
-keepclassmembers class ** {
    @org.greenrobot.eventbus.Subscribe <methods>;
}
-keep enum org.greenrobot.eventbus.ThreadMode { *; }
-keepclassmembers class * extends org.greenrobot.greendao.AbstractDao {
    public static java.lang.String TABLENAME;
}
# Only required if you use rxjava2
-dontwarn rx.**
# Only required if you do not use sqlcipher
-dontwarn net.sqlcipher.database.**
-dontwarn org.greenrobot.greendao.database.DatabaseOpenHelper$EncryptedHelper

# Only required if you use AsyncExecutor
-keepclassmembers class * extends org.greenrobot.eventbus.util.ThrowableFailureEvent {
    <init>(java.lang.Throwable);
}

#jsoup
-keeppackagenames org.jsoup.nodes

#TalkingData
-dontwarn com.tendcloud.tenddata.**
-keep class com.tendcloud.** {*;}
-keep public class com.tendcloud.tenddata.** { public protected *;}
-keepclassmembers class com.tendcloud.tenddata.**{
    public void *(***);
}
-keep class com.talkingdata.sdk.TalkingDataSDK {public *;}
-keep class com.apptalkingdata.** {*;}

#Bugly
-dontwarn com.tencent.bugly.**
-keep public class com.tencent.bugly.**{*;}