app/release/v1.1.2/mapping.txt
me.ykrank.s1next.App -> me.ykrank.s1next.App:
    me.ykrank.s1next.App sApp -> a
    me.ykrank.s1next.data.pref.GeneralPreferencesManager mGeneralPreferencesManager -> b
    me.ykrank.s1next.AppComponent mAppComponent -> c
    me.ykrank.s1next.data.pref.PrefComponent mPrefComponent -> d
    me.ykrank.s1next.widget.AppActivityLifecycleCallbacks mAppActivityLifecycleCallbacks -> e
    com.squareup.leakcanary.RefWatcher refWatcher -> f
    21:21:void <init>() -> <init>
    37:37:me.ykrank.s1next.App get() -> a
    41:41:me.ykrank.s1next.AppComponent getAppComponent() -> b
    45:45:me.ykrank.s1next.data.pref.PrefComponent getPrefComponent() -> c
    49:49:com.squareup.leakcanary.RefWatcher getRefWatcher() -> d
    53:53:me.ykrank.s1next.widget.track.DataTrackAgent getTrackAgent() -> e
    58:102:void onCreate() -> onCreate
    106:113:void onConfigurationChanged(android.content.res.Configuration) -> onConfigurationChanged
    116:116:boolean isAppVisible() -> f
me.ykrank.s1next.AppComponent -> me.ykrank.s1next.a:
    android.content.Context getContext() -> a
    okhttp3.OkHttpClient getOkHttpClient() -> b
    me.ykrank.s1next.data.api.S1Service getS1Service() -> c
    me.ykrank.s1next.widget.EventBus getEventBus() -> d
    me.ykrank.s1next.data.User getUser() -> e
    me.ykrank.s1next.data.api.UserValidator getUserValidator() -> f
    me.ykrank.s1next.viewmodel.UserViewModel getUserViewModel() -> g
    me.ykrank.s1next.data.Wifi getWifi() -> h
    com.fasterxml.jackson.databind.ObjectMapper getJsonMapper() -> i
    me.ykrank.s1next.widget.track.DataTrackAgent getDataTrackAgent() -> j
    void inject(me.ykrank.s1next.view.dialog.LogoutDialogFragment) -> a
    void inject(me.ykrank.s1next.view.fragment.WebLoginFragment) -> a
    void inject(me.ykrank.s1next.view.fragment.FavouriteListFragment) -> a
    void inject(me.ykrank.s1next.view.adapter.delegate.FavouriteAdapterDelegate) -> a
    void inject(me.ykrank.s1next.view.adapter.delegate.PmGroupsAdapterDelegate) -> a
    void inject(me.ykrank.s1next.view.fragment.PmFragment) -> a
    void inject(me.ykrank.s1next.view.adapter.delegate.PmLeftAdapterDelegate) -> a
    void inject(me.ykrank.s1next.view.adapter.delegate.PmRightAdapterDelegate) -> a
    void inject(me.ykrank.s1next.view.dialog.BlackListRemarkDialogFragment) -> a
    void inject(me.ykrank.s1next.view.dialog.BaseDialogFragment) -> a
    void inject(me.ykrank.s1next.data.db.BlackListDbWrapper) -> a
me.ykrank.s1next.AppModule -> me.ykrank.s1next.b:
    me.ykrank.s1next.App mApp -> a
    48:50:void <init>(me.ykrank.s1next.App) -> <init>
    55:55:android.content.Context provideContext() -> a
    61:61:java.net.CookieManager providerCookieManager(android.content.Context) -> a
    67:91:okhttp3.OkHttpClient providerOkHttpClient(java.net.CookieManager) -> a
    97:104:me.ykrank.s1next.data.api.S1Service providerRetrofit(okhttp3.OkHttpClient) -> a
    110:110:me.ykrank.s1next.widget.EventBus providerEventBus() -> b
    116:116:me.ykrank.s1next.data.User providerUser(me.ykrank.s1next.viewmodel.UserViewModel) -> a
    122:122:me.ykrank.s1next.data.api.UserValidator providerUserValidator(me.ykrank.s1next.data.User) -> a
    128:128:me.ykrank.s1next.viewmodel.UserViewModel providerUserViewModel() -> c
    134:134:me.ykrank.s1next.data.Wifi providerWifi() -> d
    140:140:com.fasterxml.jackson.databind.ObjectMapper provideJsonObjectMapper() -> e
    146:146:me.ykrank.s1next.widget.track.DataTrackAgent provideDataTrackAgent() -> f
    152:152:me.ykrank.s1next.widget.AppDaoOpenHelper provideAppDaoOpenHelper(android.content.Context) -> b
    158:158:me.ykrank.s1next.data.db.AppDaoSessionManager provideAppDaoSessionManager(me.ykrank.s1next.widget.AppDaoOpenHelper) -> a
...
com.fasterxml.jackson.databind.ser.std.JsonValueSerializer$TypeSerializerRerouter -> com.fasterxml.jackson.databind.ser.std.JsonValueSerializer$TypeSerializerRerouter:
    com.fasterxml.jackson.databind.jsontype.TypeSerializer _typeSerializer -> _typeSerializer
    java.lang.Object _forObject -> _forObject
    372:375:void <init>(com.fasterxml.jackson.databind.jsontype.TypeSerializer,java.lang.Object) -> <init>
    379:379:com.fasterxml.jackson.databind.jsontype.TypeSerializer forProperty(com.fasterxml.jackson.databind.BeanProperty) -> forProperty
    384:384:com.fasterxml.jackson.annotation.JsonTypeInfo$As getTypeInclusion() -> getTypeInclusion
    389:389:java.lang.String getPropertyName() -> getPropertyName
    399:400:void writeTypePrefixForScalar(java.lang.Object,com.fasterxml.jackson.core.JsonGenerator) -> writeTypePrefixForScalar
    404:405:void writeTypePrefixForObject(java.lang.Object,com.fasterxml.jackson.core.JsonGenerator) -> writeTypePrefixForObject
    409:410:void writeTypePrefixForArray(java.lang.Object,com.fasterxml.jackson.core.JsonGenerator) -> writeTypePrefixForArray
    414:415:void writeTypeSuffixForScalar(java.lang.Object,com.fasterxml.jackson.core.JsonGenerator) -> writeTypeSuffixForScalar
    419:420:void writeTypeSuffixForObject(java.lang.Object,com.fasterxml.jackson.core.JsonGenerator) -> writeTypeSuffixForObject
    424:425:void writeTypeSuffixForArray(java.lang.Object,com.fasterxml.jackson.core.JsonGenerator) -> writeTypeSuffixForArray
com.fasterxml.jackson.databind.ser.std.MapProperty -> com.fasterxml.jackson.databind.ser.std.MapProperty:
    com.fasterxml.jackson.databind.jsontype.TypeSerializer _typeSerializer -> _typeSerializer
    com.fasterxml.jackson.databind.BeanProperty _property -> _property
    java.lang.Object _key -> _key
    com.fasterxml.jackson.databind.JsonSerializer _keySerializer -> _keySerializer
    com.fasterxml.jackson.databind.JsonSerializer _valueSerializer -> _valueSerializer
    41:44:void <init>(com.fasterxml.jackson.databind.jsontype.TypeSerializer,com.fasterxml.jackson.databind.BeanProperty) -> <init>
    53:56:void reset(java.lang.Object,com.fasterxml.jackson.databind.JsonSerializer,com.fasterxml.jackson.databind.JsonSerializer) -> reset
    60:63:java.lang.String getName() -> getName
    85:91:void serializeAsField(java.lang.Object,com.fasterxml.jackson.core.JsonGenerator,com.fasterxml.jackson.databind.SerializerProvider) -> serializeAsField
    97:100:void serializeAsOmittedField(java.lang.Object,com.fasterxml.jackson.core.JsonGenerator,com.fasterxml.jackson.databind.SerializerProvider) -> serializeAsOmittedField
    145:145:com.fasterxml.jackson.databind.JavaType getType() -> getType
    155:155:com.fasterxml.jackson.databind.introspect.AnnotatedMember getMember() -> getMember